2024-02-16 09:47:01,131 - __main__ - INFO - Loading model from /Users/timea/Documents/Projekti/craAIRsis/Covid BG/models/site_BG_covid_2_target_Benzene_Air_20_ml_model_ExtraTreesModel_mh_algo_HHO.joblib
2024-02-16 09:47:01,131 - __main__ - INFO - Loading model from /Users/timea/Documents/Projekti/craAIRsis/Covid BG/models/site_BG_covid_2_target_Benzene_Air_20_ml_model_ExtraTreesModel_mh_algo_HHO.joblib
2024-02-16 09:47:01,131 - __main__ - INFO - Loading model from /Users/timea/Documents/Projekti/craAIRsis/Covid BG/models/site_BG_covid_2_target_Benzene_Air_20_ml_model_ExtraTreesModel_mh_algo_HHO.joblib
2024-02-16 09:47:01,131 - __main__ - INFO - Loading model from /Users/timea/Documents/Projekti/craAIRsis/Covid BG/models/site_BG_covid_2_target_Benzene_Air_20_ml_model_ExtraTreesModel_mh_algo_HHO.joblib
2024-02-16 09:47:01,319 - __main__ - INFO - Loading data from /Users/timea/Documents/Projekti/craAIRsis/Covid BG/data/datasets/site_BG_covid_2_target_Benzene_Air_20_.csv
2024-02-16 09:47:01,319 - __main__ - INFO - Loading data from /Users/timea/Documents/Projekti/craAIRsis/Covid BG/data/datasets/site_BG_covid_2_target_Benzene_Air_20_.csv
2024-02-16 09:47:01,319 - __main__ - INFO - Loading data from /Users/timea/Documents/Projekti/craAIRsis/Covid BG/data/datasets/site_BG_covid_2_target_Benzene_Air_20_.csv
2024-02-16 09:47:01,319 - __main__ - INFO - Loading data from /Users/timea/Documents/Projekti/craAIRsis/Covid BG/data/datasets/site_BG_covid_2_target_Benzene_Air_20_.csv
2024-02-16 09:47:25,118 - __main__ - INFO - Loading model from /Users/timea/Documents/Projekti/craAIRsis/Covid BG/models/site_BG_covid_2_target_Benzene_Air_20_ml_model_ExtraTreesModel_mh_algo_HHO.joblib
2024-02-16 09:47:25,118 - __main__ - INFO - Loading model from /Users/timea/Documents/Projekti/craAIRsis/Covid BG/models/site_BG_covid_2_target_Benzene_Air_20_ml_model_ExtraTreesModel_mh_algo_HHO.joblib
2024-02-16 09:47:25,118 - __main__ - INFO - Loading model from /Users/timea/Documents/Projekti/craAIRsis/Covid BG/models/site_BG_covid_2_target_Benzene_Air_20_ml_model_ExtraTreesModel_mh_algo_HHO.joblib
2024-02-16 09:47:25,118 - __main__ - INFO - Loading model from /Users/timea/Documents/Projekti/craAIRsis/Covid BG/models/site_BG_covid_2_target_Benzene_Air_20_ml_model_ExtraTreesModel_mh_algo_HHO.joblib
2024-02-16 09:47:25,189 - __main__ - INFO - Loading data from /Users/timea/Documents/Projekti/craAIRsis/Covid BG/data/datasets/site_BG_covid_2_target_Benzene_Air_20_.csv
2024-02-16 09:47:25,189 - __main__ - INFO - Loading data from /Users/timea/Documents/Projekti/craAIRsis/Covid BG/data/datasets/site_BG_covid_2_target_Benzene_Air_20_.csv
2024-02-16 09:47:25,189 - __main__ - INFO - Loading data from /Users/timea/Documents/Projekti/craAIRsis/Covid BG/data/datasets/site_BG_covid_2_target_Benzene_Air_20_.csv
2024-02-16 09:47:25,189 - __main__ - INFO - Loading data from /Users/timea/Documents/Projekti/craAIRsis/Covid BG/data/datasets/site_BG_covid_2_target_Benzene_Air_20_.csv
2024-02-16 09:50:06,994 - __main__ - INFO - Loading model from /Users/timea/Documents/Projekti/craAIRsis/Covid BG/models/site_BG_covid_2_target_Benzene_Air_20_ml_model_ExtraTreesModel_mh_algo_HHO.joblib
2024-02-16 09:50:06,994 - __main__ - INFO - Loading model from /Users/timea/Documents/Projekti/craAIRsis/Covid BG/models/site_BG_covid_2_target_Benzene_Air_20_ml_model_ExtraTreesModel_mh_algo_HHO.joblib
2024-02-16 09:50:06,994 - __main__ - INFO - Loading model from /Users/timea/Documents/Projekti/craAIRsis/Covid BG/models/site_BG_covid_2_target_Benzene_Air_20_ml_model_ExtraTreesModel_mh_algo_HHO.joblib
2024-02-16 09:50:06,994 - __main__ - INFO - Loading model from /Users/timea/Documents/Projekti/craAIRsis/Covid BG/models/site_BG_covid_2_target_Benzene_Air_20_ml_model_ExtraTreesModel_mh_algo_HHO.joblib
2024-02-16 09:50:07,111 - __main__ - INFO - Loading data from /Users/timea/Documents/Projekti/craAIRsis/Covid BG/data/datasets/site_BG_covid_2_target_Benzene_Air_20_.csv
2024-02-16 09:50:07,111 - __main__ - INFO - Loading data from /Users/timea/Documents/Projekti/craAIRsis/Covid BG/data/datasets/site_BG_covid_2_target_Benzene_Air_20_.csv
2024-02-16 09:50:07,111 - __main__ - INFO - Loading data from /Users/timea/Documents/Projekti/craAIRsis/Covid BG/data/datasets/site_BG_covid_2_target_Benzene_Air_20_.csv
2024-02-16 09:50:07,111 - __main__ - INFO - Loading data from /Users/timea/Documents/Projekti/craAIRsis/Covid BG/data/datasets/site_BG_covid_2_target_Benzene_Air_20_.csv
2024-02-16 09:50:38,865 - __main__ - INFO - Loading model from /Users/timea/Documents/Projekti/craAIRsis/Covid BG/models/site_BG_covid_2_target_Benzene_Air_20_ml_model_ExtraTreesModel_mh_algo_HHO.joblib
2024-02-16 09:50:38,865 - __main__ - INFO - Loading model from /Users/timea/Documents/Projekti/craAIRsis/Covid BG/models/site_BG_covid_2_target_Benzene_Air_20_ml_model_ExtraTreesModel_mh_algo_HHO.joblib
2024-02-16 09:50:38,865 - __main__ - INFO - Loading model from /Users/timea/Documents/Projekti/craAIRsis/Covid BG/models/site_BG_covid_2_target_Benzene_Air_20_ml_model_ExtraTreesModel_mh_algo_HHO.joblib
2024-02-16 09:50:38,865 - __main__ - INFO - Loading model from /Users/timea/Documents/Projekti/craAIRsis/Covid BG/models/site_BG_covid_2_target_Benzene_Air_20_ml_model_ExtraTreesModel_mh_algo_HHO.joblib
2024-02-16 09:50:38,985 - __main__ - INFO - Loading data from /Users/timea/Documents/Projekti/craAIRsis/Covid BG/data/datasets/site_BG_covid_2_target_Benzene_Air_20_.csv
2024-02-16 09:50:38,985 - __main__ - INFO - Loading data from /Users/timea/Documents/Projekti/craAIRsis/Covid BG/data/datasets/site_BG_covid_2_target_Benzene_Air_20_.csv
2024-02-16 09:50:38,985 - __main__ - INFO - Loading data from /Users/timea/Documents/Projekti/craAIRsis/Covid BG/data/datasets/site_BG_covid_2_target_Benzene_Air_20_.csv
2024-02-16 09:50:38,985 - __main__ - INFO - Loading data from /Users/timea/Documents/Projekti/craAIRsis/Covid BG/data/datasets/site_BG_covid_2_target_Benzene_Air_20_.csv
2024-02-16 09:50:39,042 - __main__ - INFO - site_BG_covid_2_target_Benzene_Air_20_ml_model_ExtraTreesModel_mh_algo_HHO
2024-02-16 09:50:39,042 - __main__ - INFO - site_BG_covid_2_target_Benzene_Air_20_ml_model_ExtraTreesModel_mh_algo_HHO
2024-02-16 09:50:39,042 - __main__ - INFO - site_BG_covid_2_target_Benzene_Air_20_ml_model_ExtraTreesModel_mh_algo_HHO
2024-02-16 09:50:39,042 - __main__ - INFO - site_BG_covid_2_target_Benzene_Air_20_ml_model_ExtraTreesModel_mh_algo_HHO
2024-02-16 09:50:39,044 - __main__ - INFO - R2 score difference: -0.0
2024-02-16 09:50:39,044 - __main__ - INFO - R2 score difference: -0.0
2024-02-16 09:50:39,044 - __main__ - INFO - R2 score difference: -0.0
2024-02-16 09:50:39,044 - __main__ - INFO - R2 score difference: -0.0
2024-02-16 09:50:39,046 - __main__ - INFO - Loading model from /Users/timea/Documents/Projekti/craAIRsis/Covid BG/models/site_BG_covid_1_target_Benzene_Air_20_ml_model_LGBMModel_mh_algo_HHO.joblib
2024-02-16 09:50:39,046 - __main__ - INFO - Loading model from /Users/timea/Documents/Projekti/craAIRsis/Covid BG/models/site_BG_covid_1_target_Benzene_Air_20_ml_model_LGBMModel_mh_algo_HHO.joblib
2024-02-16 09:50:39,046 - __main__ - INFO - Loading model from /Users/timea/Documents/Projekti/craAIRsis/Covid BG/models/site_BG_covid_1_target_Benzene_Air_20_ml_model_LGBMModel_mh_algo_HHO.joblib
2024-02-16 09:50:39,046 - __main__ - INFO - Loading model from /Users/timea/Documents/Projekti/craAIRsis/Covid BG/models/site_BG_covid_1_target_Benzene_Air_20_ml_model_LGBMModel_mh_algo_HHO.joblib
2024-02-16 09:50:39,630 - __main__ - INFO - Loading data from /Users/timea/Documents/Projekti/craAIRsis/Covid BG/data/datasets/site_BG_covid_1_target_Benzene_Air_20_.csv
2024-02-16 09:50:39,630 - __main__ - INFO - Loading data from /Users/timea/Documents/Projekti/craAIRsis/Covid BG/data/datasets/site_BG_covid_1_target_Benzene_Air_20_.csv
2024-02-16 09:50:39,630 - __main__ - INFO - Loading data from /Users/timea/Documents/Projekti/craAIRsis/Covid BG/data/datasets/site_BG_covid_1_target_Benzene_Air_20_.csv
2024-02-16 09:50:39,630 - __main__ - INFO - Loading data from /Users/timea/Documents/Projekti/craAIRsis/Covid BG/data/datasets/site_BG_covid_1_target_Benzene_Air_20_.csv
2024-02-16 09:50:39,735 - __main__ - INFO - site_BG_covid_1_target_Benzene_Air_20_ml_model_LGBMModel_mh_algo_HHO
2024-02-16 09:50:39,735 - __main__ - INFO - site_BG_covid_1_target_Benzene_Air_20_ml_model_LGBMModel_mh_algo_HHO
2024-02-16 09:50:39,735 - __main__ - INFO - site_BG_covid_1_target_Benzene_Air_20_ml_model_LGBMModel_mh_algo_HHO
2024-02-16 09:50:39,735 - __main__ - INFO - site_BG_covid_1_target_Benzene_Air_20_ml_model_LGBMModel_mh_algo_HHO
2024-02-16 09:50:39,738 - __main__ - INFO - R2 score difference: 0.0019
2024-02-16 09:50:39,738 - __main__ - INFO - R2 score difference: 0.0019
2024-02-16 09:50:39,738 - __main__ - INFO - R2 score difference: 0.0019
2024-02-16 09:50:39,738 - __main__ - INFO - R2 score difference: 0.0019
2024-02-16 09:50:39,742 - __main__ - INFO - Loading model from /Users/timea/Documents/Projekti/craAIRsis/Covid BG/models/site_BG_covid_0_target_Benzene_Air_20_ml_model_GradientBoostingModel_mh_algo_SMA.joblib
2024-02-16 09:50:39,742 - __main__ - INFO - Loading model from /Users/timea/Documents/Projekti/craAIRsis/Covid BG/models/site_BG_covid_0_target_Benzene_Air_20_ml_model_GradientBoostingModel_mh_algo_SMA.joblib
2024-02-16 09:50:39,742 - __main__ - INFO - Loading model from /Users/timea/Documents/Projekti/craAIRsis/Covid BG/models/site_BG_covid_0_target_Benzene_Air_20_ml_model_GradientBoostingModel_mh_algo_SMA.joblib
2024-02-16 09:50:39,742 - __main__ - INFO - Loading model from /Users/timea/Documents/Projekti/craAIRsis/Covid BG/models/site_BG_covid_0_target_Benzene_Air_20_ml_model_GradientBoostingModel_mh_algo_SMA.joblib
2024-02-16 09:50:39,754 - __main__ - INFO - Loading data from /Users/timea/Documents/Projekti/craAIRsis/Covid BG/data/datasets/site_BG_covid_0_target_Benzene_Air_20_.csv
2024-02-16 09:50:39,754 - __main__ - INFO - Loading data from /Users/timea/Documents/Projekti/craAIRsis/Covid BG/data/datasets/site_BG_covid_0_target_Benzene_Air_20_.csv
2024-02-16 09:50:39,754 - __main__ - INFO - Loading data from /Users/timea/Documents/Projekti/craAIRsis/Covid BG/data/datasets/site_BG_covid_0_target_Benzene_Air_20_.csv
2024-02-16 09:50:39,754 - __main__ - INFO - Loading data from /Users/timea/Documents/Projekti/craAIRsis/Covid BG/data/datasets/site_BG_covid_0_target_Benzene_Air_20_.csv
2024-02-16 09:50:39,787 - __main__ - INFO - site_BG_covid_0_target_Benzene_Air_20_ml_model_GradientBoostingModel_mh_algo_SMA
2024-02-16 09:50:39,787 - __main__ - INFO - site_BG_covid_0_target_Benzene_Air_20_ml_model_GradientBoostingModel_mh_algo_SMA
2024-02-16 09:50:39,787 - __main__ - INFO - site_BG_covid_0_target_Benzene_Air_20_ml_model_GradientBoostingModel_mh_algo_SMA
2024-02-16 09:50:39,787 - __main__ - INFO - site_BG_covid_0_target_Benzene_Air_20_ml_model_GradientBoostingModel_mh_algo_SMA
2024-02-16 09:50:39,790 - __main__ - INFO - R2 score difference: 0.0
2024-02-16 09:50:39,790 - __main__ - INFO - R2 score difference: 0.0
2024-02-16 09:50:39,790 - __main__ - INFO - R2 score difference: 0.0
2024-02-16 09:50:39,790 - __main__ - INFO - R2 score difference: 0.0
2024-02-16 09:50:39,793 - __main__ - INFO - Loading model from /Users/timea/Documents/Projekti/craAIRsis/Covid BG/models/site_BG_covid_2_target_Toluene_Air_21_ml_model_GradientBoostingModel_mh_algo_HHO.joblib
2024-02-16 09:50:39,793 - __main__ - INFO - Loading model from /Users/timea/Documents/Projekti/craAIRsis/Covid BG/models/site_BG_covid_2_target_Toluene_Air_21_ml_model_GradientBoostingModel_mh_algo_HHO.joblib
2024-02-16 09:50:39,793 - __main__ - INFO - Loading model from /Users/timea/Documents/Projekti/craAIRsis/Covid BG/models/site_BG_covid_2_target_Toluene_Air_21_ml_model_GradientBoostingModel_mh_algo_HHO.joblib
2024-02-16 09:50:39,793 - __main__ - INFO - Loading model from /Users/timea/Documents/Projekti/craAIRsis/Covid BG/models/site_BG_covid_2_target_Toluene_Air_21_ml_model_GradientBoostingModel_mh_algo_HHO.joblib
2024-02-16 09:50:39,801 - __main__ - INFO - Loading data from /Users/timea/Documents/Projekti/craAIRsis/Covid BG/data/datasets/site_BG_covid_2_target_Toluene_Air_21_.csv
2024-02-16 09:50:39,801 - __main__ - INFO - Loading data from /Users/timea/Documents/Projekti/craAIRsis/Covid BG/data/datasets/site_BG_covid_2_target_Toluene_Air_21_.csv
2024-02-16 09:50:39,801 - __main__ - INFO - Loading data from /Users/timea/Documents/Projekti/craAIRsis/Covid BG/data/datasets/site_BG_covid_2_target_Toluene_Air_21_.csv
2024-02-16 09:50:39,801 - __main__ - INFO - Loading data from /Users/timea/Documents/Projekti/craAIRsis/Covid BG/data/datasets/site_BG_covid_2_target_Toluene_Air_21_.csv
2024-02-16 12:21:59,073 - __main__ - INFO - Loading model from /Users/timea/Documents/Projekti/craAIRsis/Covid BG/models/site_BG_covid_2_target_Benzene_Air_20_ml_model_HistGradientBoostingModel_mh_algo_ABC.joblib
2024-02-16 12:21:59,073 - __main__ - INFO - Loading model from /Users/timea/Documents/Projekti/craAIRsis/Covid BG/models/site_BG_covid_2_target_Benzene_Air_20_ml_model_HistGradientBoostingModel_mh_algo_ABC.joblib
2024-02-16 12:21:59,073 - __main__ - INFO - Loading model from /Users/timea/Documents/Projekti/craAIRsis/Covid BG/models/site_BG_covid_2_target_Benzene_Air_20_ml_model_HistGradientBoostingModel_mh_algo_ABC.joblib
2024-02-16 12:21:59,073 - __main__ - INFO - Loading model from /Users/timea/Documents/Projekti/craAIRsis/Covid BG/models/site_BG_covid_2_target_Benzene_Air_20_ml_model_HistGradientBoostingModel_mh_algo_ABC.joblib
2024-02-16 12:21:59,073 - __main__ - INFO - Loading model from /Users/timea/Documents/Projekti/craAIRsis/Covid BG/models/site_BG_covid_2_target_Benzene_Air_20_ml_model_HistGradientBoostingModel_mh_algo_ABC.joblib
2024-02-16 12:21:59,211 - __main__ - INFO - Loading data from /Users/timea/Documents/Projekti/craAIRsis/Covid BG/data/datasets/site_BG_covid_2_target_Benzene_Air_20_.csv
2024-02-16 12:21:59,211 - __main__ - INFO - Loading data from /Users/timea/Documents/Projekti/craAIRsis/Covid BG/data/datasets/site_BG_covid_2_target_Benzene_Air_20_.csv
2024-02-16 12:21:59,211 - __main__ - INFO - Loading data from /Users/timea/Documents/Projekti/craAIRsis/Covid BG/data/datasets/site_BG_covid_2_target_Benzene_Air_20_.csv
2024-02-16 12:21:59,211 - __main__ - INFO - Loading data from /Users/timea/Documents/Projekti/craAIRsis/Covid BG/data/datasets/site_BG_covid_2_target_Benzene_Air_20_.csv
2024-02-16 12:21:59,211 - __main__ - INFO - Loading data from /Users/timea/Documents/Projekti/craAIRsis/Covid BG/data/datasets/site_BG_covid_2_target_Benzene_Air_20_.csv
2024-02-16 12:21:59,431 - __main__ - INFO - site_BG_covid_2_target_Benzene_Air_20_ml_model_HistGradientBoostingModel_mh_algo_ABC
2024-02-16 12:21:59,431 - __main__ - INFO - site_BG_covid_2_target_Benzene_Air_20_ml_model_HistGradientBoostingModel_mh_algo_ABC
2024-02-16 12:21:59,431 - __main__ - INFO - site_BG_covid_2_target_Benzene_Air_20_ml_model_HistGradientBoostingModel_mh_algo_ABC
2024-02-16 12:21:59,431 - __main__ - INFO - site_BG_covid_2_target_Benzene_Air_20_ml_model_HistGradientBoostingModel_mh_algo_ABC
2024-02-16 12:21:59,431 - __main__ - INFO - site_BG_covid_2_target_Benzene_Air_20_ml_model_HistGradientBoostingModel_mh_algo_ABC
2024-02-16 12:21:59,434 - __main__ - INFO - R2 score difference: 0.0
2024-02-16 12:21:59,434 - __main__ - INFO - R2 score difference: 0.0
2024-02-16 12:21:59,434 - __main__ - INFO - R2 score difference: 0.0
2024-02-16 12:21:59,434 - __main__ - INFO - R2 score difference: 0.0
2024-02-16 12:21:59,434 - __main__ - INFO - R2 score difference: 0.0
2024-02-16 12:21:59,442 - __main__ - INFO - Loading model from /Users/timea/Documents/Projekti/craAIRsis/Covid BG/models/site_BG_covid_1_target_Benzene_Air_20_ml_model_LGBMModel_mh_algo_ABC.joblib
2024-02-16 12:21:59,442 - __main__ - INFO - Loading model from /Users/timea/Documents/Projekti/craAIRsis/Covid BG/models/site_BG_covid_1_target_Benzene_Air_20_ml_model_LGBMModel_mh_algo_ABC.joblib
2024-02-16 12:21:59,442 - __main__ - INFO - Loading model from /Users/timea/Documents/Projekti/craAIRsis/Covid BG/models/site_BG_covid_1_target_Benzene_Air_20_ml_model_LGBMModel_mh_algo_ABC.joblib
2024-02-16 12:21:59,442 - __main__ - INFO - Loading model from /Users/timea/Documents/Projekti/craAIRsis/Covid BG/models/site_BG_covid_1_target_Benzene_Air_20_ml_model_LGBMModel_mh_algo_ABC.joblib
2024-02-16 12:21:59,442 - __main__ - INFO - Loading model from /Users/timea/Documents/Projekti/craAIRsis/Covid BG/models/site_BG_covid_1_target_Benzene_Air_20_ml_model_LGBMModel_mh_algo_ABC.joblib
2024-02-16 12:21:59,526 - __main__ - INFO - Loading data from /Users/timea/Documents/Projekti/craAIRsis/Covid BG/data/datasets/site_BG_covid_1_target_Benzene_Air_20_.csv
2024-02-16 12:21:59,526 - __main__ - INFO - Loading data from /Users/timea/Documents/Projekti/craAIRsis/Covid BG/data/datasets/site_BG_covid_1_target_Benzene_Air_20_.csv
2024-02-16 12:21:59,526 - __main__ - INFO - Loading data from /Users/timea/Documents/Projekti/craAIRsis/Covid BG/data/datasets/site_BG_covid_1_target_Benzene_Air_20_.csv
2024-02-16 12:21:59,526 - __main__ - INFO - Loading data from /Users/timea/Documents/Projekti/craAIRsis/Covid BG/data/datasets/site_BG_covid_1_target_Benzene_Air_20_.csv
2024-02-16 12:21:59,526 - __main__ - INFO - Loading data from /Users/timea/Documents/Projekti/craAIRsis/Covid BG/data/datasets/site_BG_covid_1_target_Benzene_Air_20_.csv
2024-02-16 12:21:59,772 - __main__ - INFO - site_BG_covid_1_target_Benzene_Air_20_ml_model_LGBMModel_mh_algo_ABC
2024-02-16 12:21:59,772 - __main__ - INFO - site_BG_covid_1_target_Benzene_Air_20_ml_model_LGBMModel_mh_algo_ABC
2024-02-16 12:21:59,772 - __main__ - INFO - site_BG_covid_1_target_Benzene_Air_20_ml_model_LGBMModel_mh_algo_ABC
2024-02-16 12:21:59,772 - __main__ - INFO - site_BG_covid_1_target_Benzene_Air_20_ml_model_LGBMModel_mh_algo_ABC
2024-02-16 12:21:59,772 - __main__ - INFO - site_BG_covid_1_target_Benzene_Air_20_ml_model_LGBMModel_mh_algo_ABC
2024-02-16 12:21:59,775 - __main__ - INFO - R2 score difference: 0.0
2024-02-16 12:21:59,775 - __main__ - INFO - R2 score difference: 0.0
2024-02-16 12:21:59,775 - __main__ - INFO - R2 score difference: 0.0
2024-02-16 12:21:59,775 - __main__ - INFO - R2 score difference: 0.0
2024-02-16 12:21:59,775 - __main__ - INFO - R2 score difference: 0.0
2024-02-16 12:21:59,776 - __main__ - INFO - Loading model from /Users/timea/Documents/Projekti/craAIRsis/Covid BG/models/site_BG_covid_0_target_Benzene_Air_20_ml_model_CatBoostModel_mh_algo_ABC.joblib
2024-02-16 12:21:59,776 - __main__ - INFO - Loading model from /Users/timea/Documents/Projekti/craAIRsis/Covid BG/models/site_BG_covid_0_target_Benzene_Air_20_ml_model_CatBoostModel_mh_algo_ABC.joblib
2024-02-16 12:21:59,776 - __main__ - INFO - Loading model from /Users/timea/Documents/Projekti/craAIRsis/Covid BG/models/site_BG_covid_0_target_Benzene_Air_20_ml_model_CatBoostModel_mh_algo_ABC.joblib
2024-02-16 12:21:59,776 - __main__ - INFO - Loading model from /Users/timea/Documents/Projekti/craAIRsis/Covid BG/models/site_BG_covid_0_target_Benzene_Air_20_ml_model_CatBoostModel_mh_algo_ABC.joblib
2024-02-16 12:21:59,776 - __main__ - INFO - Loading model from /Users/timea/Documents/Projekti/craAIRsis/Covid BG/models/site_BG_covid_0_target_Benzene_Air_20_ml_model_CatBoostModel_mh_algo_ABC.joblib
2024-02-16 12:22:00,302 - __main__ - INFO - Loading data from /Users/timea/Documents/Projekti/craAIRsis/Covid BG/data/datasets/site_BG_covid_0_target_Benzene_Air_20_.csv
2024-02-16 12:22:00,302 - __main__ - INFO - Loading data from /Users/timea/Documents/Projekti/craAIRsis/Covid BG/data/datasets/site_BG_covid_0_target_Benzene_Air_20_.csv
2024-02-16 12:22:00,302 - __main__ - INFO - Loading data from /Users/timea/Documents/Projekti/craAIRsis/Covid BG/data/datasets/site_BG_covid_0_target_Benzene_Air_20_.csv
2024-02-16 12:22:00,302 - __main__ - INFO - Loading data from /Users/timea/Documents/Projekti/craAIRsis/Covid BG/data/datasets/site_BG_covid_0_target_Benzene_Air_20_.csv
2024-02-16 12:22:00,302 - __main__ - INFO - Loading data from /Users/timea/Documents/Projekti/craAIRsis/Covid BG/data/datasets/site_BG_covid_0_target_Benzene_Air_20_.csv
2024-02-16 12:22:00,341 - __main__ - INFO - site_BG_covid_0_target_Benzene_Air_20_ml_model_CatBoostModel_mh_algo_ABC
2024-02-16 12:22:00,341 - __main__ - INFO - site_BG_covid_0_target_Benzene_Air_20_ml_model_CatBoostModel_mh_algo_ABC
2024-02-16 12:22:00,341 - __main__ - INFO - site_BG_covid_0_target_Benzene_Air_20_ml_model_CatBoostModel_mh_algo_ABC
2024-02-16 12:22:00,341 - __main__ - INFO - site_BG_covid_0_target_Benzene_Air_20_ml_model_CatBoostModel_mh_algo_ABC
2024-02-16 12:22:00,341 - __main__ - INFO - site_BG_covid_0_target_Benzene_Air_20_ml_model_CatBoostModel_mh_algo_ABC
2024-02-16 12:22:00,344 - __main__ - INFO - R2 score difference: 0.0
2024-02-16 12:22:00,344 - __main__ - INFO - R2 score difference: 0.0
2024-02-16 12:22:00,344 - __main__ - INFO - R2 score difference: 0.0
2024-02-16 12:22:00,344 - __main__ - INFO - R2 score difference: 0.0
2024-02-16 12:22:00,344 - __main__ - INFO - R2 score difference: 0.0
2024-02-16 12:22:00,346 - __main__ - INFO - Loading model from /Users/timea/Documents/Projekti/craAIRsis/Covid BG/models/site_BG_covid_2_target_Toluene_Air_21_ml_model_GradientBoostingModel_mh_algo_FFA.joblib
2024-02-16 12:22:00,346 - __main__ - INFO - Loading model from /Users/timea/Documents/Projekti/craAIRsis/Covid BG/models/site_BG_covid_2_target_Toluene_Air_21_ml_model_GradientBoostingModel_mh_algo_FFA.joblib
2024-02-16 12:22:00,346 - __main__ - INFO - Loading model from /Users/timea/Documents/Projekti/craAIRsis/Covid BG/models/site_BG_covid_2_target_Toluene_Air_21_ml_model_GradientBoostingModel_mh_algo_FFA.joblib
2024-02-16 12:22:00,346 - __main__ - INFO - Loading model from /Users/timea/Documents/Projekti/craAIRsis/Covid BG/models/site_BG_covid_2_target_Toluene_Air_21_ml_model_GradientBoostingModel_mh_algo_FFA.joblib
2024-02-16 12:22:00,346 - __main__ - INFO - Loading model from /Users/timea/Documents/Projekti/craAIRsis/Covid BG/models/site_BG_covid_2_target_Toluene_Air_21_ml_model_GradientBoostingModel_mh_algo_FFA.joblib
2024-02-16 12:22:00,368 - __main__ - INFO - Loading data from /Users/timea/Documents/Projekti/craAIRsis/Covid BG/data/datasets/site_BG_covid_2_target_Toluene_Air_21_.csv
2024-02-16 12:22:00,368 - __main__ - INFO - Loading data from /Users/timea/Documents/Projekti/craAIRsis/Covid BG/data/datasets/site_BG_covid_2_target_Toluene_Air_21_.csv
2024-02-16 12:22:00,368 - __main__ - INFO - Loading data from /Users/timea/Documents/Projekti/craAIRsis/Covid BG/data/datasets/site_BG_covid_2_target_Toluene_Air_21_.csv
2024-02-16 12:22:00,368 - __main__ - INFO - Loading data from /Users/timea/Documents/Projekti/craAIRsis/Covid BG/data/datasets/site_BG_covid_2_target_Toluene_Air_21_.csv
2024-02-16 12:22:00,368 - __main__ - INFO - Loading data from /Users/timea/Documents/Projekti/craAIRsis/Covid BG/data/datasets/site_BG_covid_2_target_Toluene_Air_21_.csv
2024-02-16 12:22:00,397 - __main__ - INFO - site_BG_covid_2_target_Toluene_Air_21_ml_model_GradientBoostingModel_mh_algo_FFA
2024-02-16 12:22:00,397 - __main__ - INFO - site_BG_covid_2_target_Toluene_Air_21_ml_model_GradientBoostingModel_mh_algo_FFA
2024-02-16 12:22:00,397 - __main__ - INFO - site_BG_covid_2_target_Toluene_Air_21_ml_model_GradientBoostingModel_mh_algo_FFA
2024-02-16 12:22:00,397 - __main__ - INFO - site_BG_covid_2_target_Toluene_Air_21_ml_model_GradientBoostingModel_mh_algo_FFA
2024-02-16 12:22:00,397 - __main__ - INFO - site_BG_covid_2_target_Toluene_Air_21_ml_model_GradientBoostingModel_mh_algo_FFA
2024-02-16 12:22:00,400 - __main__ - INFO - R2 score difference: 0.0
2024-02-16 12:22:00,400 - __main__ - INFO - R2 score difference: 0.0
2024-02-16 12:22:00,400 - __main__ - INFO - R2 score difference: 0.0
2024-02-16 12:22:00,400 - __main__ - INFO - R2 score difference: 0.0
2024-02-16 12:22:00,400 - __main__ - INFO - R2 score difference: 0.0
2024-02-16 12:22:00,401 - __main__ - INFO - Loading model from /Users/timea/Documents/Projekti/craAIRsis/Covid BG/models/site_BG_covid_1_target_Toluene_Air_21_ml_model_LGBMModel_mh_algo_ABC.joblib
2024-02-16 12:22:00,401 - __main__ - INFO - Loading model from /Users/timea/Documents/Projekti/craAIRsis/Covid BG/models/site_BG_covid_1_target_Toluene_Air_21_ml_model_LGBMModel_mh_algo_ABC.joblib
2024-02-16 12:22:00,401 - __main__ - INFO - Loading model from /Users/timea/Documents/Projekti/craAIRsis/Covid BG/models/site_BG_covid_1_target_Toluene_Air_21_ml_model_LGBMModel_mh_algo_ABC.joblib
2024-02-16 12:22:00,401 - __main__ - INFO - Loading model from /Users/timea/Documents/Projekti/craAIRsis/Covid BG/models/site_BG_covid_1_target_Toluene_Air_21_ml_model_LGBMModel_mh_algo_ABC.joblib
2024-02-16 12:22:00,401 - __main__ - INFO - Loading model from /Users/timea/Documents/Projekti/craAIRsis/Covid BG/models/site_BG_covid_1_target_Toluene_Air_21_ml_model_LGBMModel_mh_algo_ABC.joblib
2024-02-16 12:22:00,414 - __main__ - INFO - Loading data from /Users/timea/Documents/Projekti/craAIRsis/Covid BG/data/datasets/site_BG_covid_1_target_Toluene_Air_21_.csv
2024-02-16 12:22:00,414 - __main__ - INFO - Loading data from /Users/timea/Documents/Projekti/craAIRsis/Covid BG/data/datasets/site_BG_covid_1_target_Toluene_Air_21_.csv
2024-02-16 12:22:00,414 - __main__ - INFO - Loading data from /Users/timea/Documents/Projekti/craAIRsis/Covid BG/data/datasets/site_BG_covid_1_target_Toluene_Air_21_.csv
2024-02-16 12:22:00,414 - __main__ - INFO - Loading data from /Users/timea/Documents/Projekti/craAIRsis/Covid BG/data/datasets/site_BG_covid_1_target_Toluene_Air_21_.csv
2024-02-16 12:22:00,414 - __main__ - INFO - Loading data from /Users/timea/Documents/Projekti/craAIRsis/Covid BG/data/datasets/site_BG_covid_1_target_Toluene_Air_21_.csv
2024-02-16 12:22:00,476 - __main__ - INFO - site_BG_covid_1_target_Toluene_Air_21_ml_model_LGBMModel_mh_algo_ABC
2024-02-16 12:22:00,476 - __main__ - INFO - site_BG_covid_1_target_Toluene_Air_21_ml_model_LGBMModel_mh_algo_ABC
2024-02-16 12:22:00,476 - __main__ - INFO - site_BG_covid_1_target_Toluene_Air_21_ml_model_LGBMModel_mh_algo_ABC
2024-02-16 12:22:00,476 - __main__ - INFO - site_BG_covid_1_target_Toluene_Air_21_ml_model_LGBMModel_mh_algo_ABC
2024-02-16 12:22:00,476 - __main__ - INFO - site_BG_covid_1_target_Toluene_Air_21_ml_model_LGBMModel_mh_algo_ABC
2024-02-16 12:22:00,478 - __main__ - INFO - R2 score difference: 0.0
2024-02-16 12:22:00,478 - __main__ - INFO - R2 score difference: 0.0
2024-02-16 12:22:00,478 - __main__ - INFO - R2 score difference: 0.0
2024-02-16 12:22:00,478 - __main__ - INFO - R2 score difference: 0.0
2024-02-16 12:22:00,478 - __main__ - INFO - R2 score difference: 0.0
2024-02-16 12:22:00,480 - __main__ - INFO - Loading model from /Users/timea/Documents/Projekti/craAIRsis/Covid BG/models/site_BG_covid_0_target_Toluene_Air_21_ml_model_HistGradientBoostingModel_mh_algo_FFA.joblib
2024-02-16 12:22:00,480 - __main__ - INFO - Loading model from /Users/timea/Documents/Projekti/craAIRsis/Covid BG/models/site_BG_covid_0_target_Toluene_Air_21_ml_model_HistGradientBoostingModel_mh_algo_FFA.joblib
2024-02-16 12:22:00,480 - __main__ - INFO - Loading model from /Users/timea/Documents/Projekti/craAIRsis/Covid BG/models/site_BG_covid_0_target_Toluene_Air_21_ml_model_HistGradientBoostingModel_mh_algo_FFA.joblib
2024-02-16 12:22:00,480 - __main__ - INFO - Loading model from /Users/timea/Documents/Projekti/craAIRsis/Covid BG/models/site_BG_covid_0_target_Toluene_Air_21_ml_model_HistGradientBoostingModel_mh_algo_FFA.joblib
2024-02-16 12:22:00,480 - __main__ - INFO - Loading model from /Users/timea/Documents/Projekti/craAIRsis/Covid BG/models/site_BG_covid_0_target_Toluene_Air_21_ml_model_HistGradientBoostingModel_mh_algo_FFA.joblib
2024-02-16 12:22:00,499 - __main__ - INFO - Loading data from /Users/timea/Documents/Projekti/craAIRsis/Covid BG/data/datasets/site_BG_covid_0_target_Toluene_Air_21_.csv
2024-02-16 12:22:00,499 - __main__ - INFO - Loading data from /Users/timea/Documents/Projekti/craAIRsis/Covid BG/data/datasets/site_BG_covid_0_target_Toluene_Air_21_.csv
2024-02-16 12:22:00,499 - __main__ - INFO - Loading data from /Users/timea/Documents/Projekti/craAIRsis/Covid BG/data/datasets/site_BG_covid_0_target_Toluene_Air_21_.csv
2024-02-16 12:22:00,499 - __main__ - INFO - Loading data from /Users/timea/Documents/Projekti/craAIRsis/Covid BG/data/datasets/site_BG_covid_0_target_Toluene_Air_21_.csv
2024-02-16 12:22:00,499 - __main__ - INFO - Loading data from /Users/timea/Documents/Projekti/craAIRsis/Covid BG/data/datasets/site_BG_covid_0_target_Toluene_Air_21_.csv
2024-02-16 12:22:00,539 - __main__ - INFO - site_BG_covid_0_target_Toluene_Air_21_ml_model_HistGradientBoostingModel_mh_algo_FFA
2024-02-16 12:22:00,539 - __main__ - INFO - site_BG_covid_0_target_Toluene_Air_21_ml_model_HistGradientBoostingModel_mh_algo_FFA
2024-02-16 12:22:00,539 - __main__ - INFO - site_BG_covid_0_target_Toluene_Air_21_ml_model_HistGradientBoostingModel_mh_algo_FFA
2024-02-16 12:22:00,539 - __main__ - INFO - site_BG_covid_0_target_Toluene_Air_21_ml_model_HistGradientBoostingModel_mh_algo_FFA
2024-02-16 12:22:00,539 - __main__ - INFO - site_BG_covid_0_target_Toluene_Air_21_ml_model_HistGradientBoostingModel_mh_algo_FFA
2024-02-16 12:22:00,541 - __main__ - INFO - R2 score difference: 0.0
2024-02-16 12:22:00,541 - __main__ - INFO - R2 score difference: 0.0
2024-02-16 12:22:00,541 - __main__ - INFO - R2 score difference: 0.0
2024-02-16 12:22:00,541 - __main__ - INFO - R2 score difference: 0.0
2024-02-16 12:22:00,541 - __main__ - INFO - R2 score difference: 0.0
